  Alien.cpp
C:\Users\kcrir\Desktop\Classes\AI\AI-Lab-3\Lab 3\Lab 3\Lab 3\Alien.cpp(20,56): warning C4244: 'argument': conversion from 'int' to 'float', possible loss of data
C:\Users\kcrir\Desktop\Classes\AI\AI-Lab-3\Lab 3\Lab 3\Lab 3\Alien.cpp(20,33): warning C4244: 'argument': conversion from 'int' to 'float', possible loss of data
C:\Users\kcrir\Desktop\Classes\AI\AI-Lab-3\Lab 3\Lab 3\Lab 3\Alien.cpp(43,30): warning C4244: '=': conversion from 'double' to 'float', possible loss of data
C:\Users\kcrir\Desktop\Classes\AI\AI-Lab-3\Lab 3\Lab 3\Lab 3\Alien.cpp(90,34): warning C4244: '=': conversion from 'double' to 'float', possible loss of data
C:\Users\kcrir\Desktop\Classes\AI\AI-Lab-3\Lab 3\Lab 3\Lab 3\Alien.cpp(99,34): warning C4244: '=': conversion from 'double' to 'float', possible loss of data
C:\Users\kcrir\Desktop\Classes\AI\AI-Lab-3\Lab 3\Lab 3\Lab 3\Alien.cpp(106,33): warning C4244: '=': conversion from 'double' to 'float', possible loss of data
C:\Users\kcrir\Desktop\Classes\AI\AI-Lab-3\Lab 3\Lab 3\Lab 3\Alien.cpp(111,33): warning C4244: '=': conversion from 'double' to 'float', possible loss of data
C:\Users\kcrir\Desktop\Classes\AI\AI-Lab-3\Lab 3\Lab 3\Lab 3\Alien.cpp(129,48): warning C4244: 'argument': conversion from 'T' to 'float', possible loss of data
          with
          [
              T=unsigned int
          ]
C:\Users\kcrir\Desktop\Classes\AI\AI-Lab-3\Lab 3\Lab 3\Lab 3\Alien.cpp(137,77): warning C4244: 'argument': conversion from 'T' to 'float', possible loss of data
          with
          [
              T=unsigned int
          ]
  Player.cpp
C:\Users\kcrir\Desktop\Classes\AI\AI-Lab-3\Lab 3\Lab 3\Lab 3\Player.cpp(64,34): warning C4244: '=': conversion from 'double' to 'float', possible loss of data
C:\Users\kcrir\Desktop\Classes\AI\AI-Lab-3\Lab 3\Lab 3\Lab 3\Player.cpp(71,33): warning C4244: '=': conversion from 'double' to 'float', possible loss of data
C:\Users\kcrir\Desktop\Classes\AI\AI-Lab-3\Lab 3\Lab 3\Lab 3\Player.cpp(96,45): warning C4244: 'argument': conversion from 'T' to 'float', possible loss of data
          with
          [
              T=unsigned int
          ]
C:\Users\kcrir\Desktop\Classes\AI\AI-Lab-3\Lab 3\Lab 3\Lab 3\Player.cpp(104,74): warning C4244: 'argument': conversion from 'T' to 'float', possible loss of data
          with
          [
              T=unsigned int
          ]
  Generating Code...
  Lab 3.vcxproj -> C:\Users\kcrir\Desktop\Classes\AI\AI-Lab-3\Lab 3\Lab 3\Debug\Lab 3.exe
